{"message":0,"level":"info"}
{"message":1,"level":"info"}
{"message":2,"level":"info"}
{"message":3,"level":"info"}
{"message":4,"level":"info"}
{"message":5,"level":"info"}
{"message":6,"level":"info"}
{"message":7,"level":"info"}
{"message":8,"level":"info"}
{"message":9,"level":"info"}
{"message":0,"level":"info"}
{"message":1,"level":"info"}
{"message":2,"level":"info"}
{"message":3,"level":"info"}
{"message":4,"level":"info"}
{"message":5,"level":"info"}
{"message":6,"level":"info"}
{"message":7,"level":"info"}
{"message":8,"level":"info"}
{"message":9,"level":"info"}
{"message":10,"level":"info"}
{"message":11,"level":"info"}
{"message":12,"level":"info"}
{"message":13,"level":"info"}
{"message":14,"level":"info"}
{"message":15,"level":"info"}
{"message":16,"level":"info"}
{"message":0,"level":"info"}
{"message":"Chick-fil-A®","level":"info"}
{"message":1,"level":"info"}
{"message":"Burger King","level":"info"}
{"message":2,"level":"info"}
{"message":"Dunkin' and Baskin-Robbins","level":"info"}
{"message":3,"level":"info"}
{"message":"Wendy's","level":"info"}
{"message":4,"level":"info"}
{"message":"Maple Street Biscuit Company","level":"info"}
{"message":5,"level":"info"}
{"message":"IHOP","level":"info"}
{"message":6,"level":"info"}
{"message":"Green Brothers Juice Company","level":"info"}
{"message":7,"level":"info"}
{"message":"Eddie's Place","level":"info"}
{"message":8,"level":"info"}
{"message":"McDonald's","level":"info"}
{"message":9,"level":"info"}
{"message":"Bojangles' Chicken 'n Biscuits","level":"info"}
{"message":10,"level":"info"}
{"message":"Flying Biscuit Cafe","level":"info"}
{"message":11,"level":"info"}
{"message":"7-Eleven","level":"info"}
{"message":12,"level":"info"}
{"message":"Metro Diner","level":"info"}
{"message":13,"level":"info"}
{"message":"cafe south","level":"info"}
{"message":14,"level":"info"}
{"message":"Jason's Deli","level":"info"}
{"message":15,"level":"info"}
{"message":"Poppy's Bagels & More","level":"info"}
{"message":16,"level":"info"}
{"message":"Smoothie King","level":"info"}
{"message":17,"level":"info"}
{"message":"Tropical Smoothie Cafe","level":"info"}
{"message":18,"level":"info"}
{"message":"Manhattan Bagel","level":"info"}
{"message":19,"level":"info"}
{"message":"Poppy's Bagels & More","level":"info"}
{"message":20,"level":"info"}
{"message":"Skyland Family Restaurant","level":"info"}
{"message":21,"level":"info"}
{"message":"Carmellas Pizza Grill","level":"info"}
{"message":22,"level":"info"}
{"message":"Fine & Fettle","level":"info"}
{"message":23,"level":"info"}
{"message":"Clean Juice","level":"info"}
{"message":24,"level":"info"}
{"message":"Panera Bread","level":"info"}
{"message":25,"level":"info"}
{"message":"Rico's Acai","level":"info"}
{"message":26,"level":"info"}
{"message":"Taco Bell","level":"info"}
{"message":27,"level":"info"}
{"message":"Bruegger's Bagels","level":"info"}
{"message":28,"level":"info"}
{"message":"Ruby Sunshine","level":"info"}
{"message":29,"level":"info"}
{"message":"Krispy Kreme Doughnuts","level":"info"}
{"message":30,"level":"info"}
{"message":"Eight + Sand Kitchen","level":"info"}
{"message":31,"level":"info"}
{"message":"Chicken King","level":"info"}
{"message":32,"level":"info"}
{"message":"Redeye Diner","level":"info"}
{"message":33,"level":"info"}
{"message":"Roots Cafe","level":"info"}
{"message":34,"level":"info"}
{"message":"Einstein Bros. Bagels","level":"info"}
{"message":35,"level":"info"}
{"message":"Pressley Park Restaurant","level":"info"}
{"message":36,"level":"info"}
{"message":"Mocco Bistro","level":"info"}
{"message":16683,"level":"info"}
{"message":"Данные добавлены","level":"info"}
